# JRE version: Java(TM) SE Runtime Environment (17.0.9+11) (build 17.0.9+11-LTS-201)
# Java VM: Java HotSpot(TM) 64-Bit Server VM (17.0.9+11-LTS-201, mixed mode, sharing, tiered, compressed oops, compressed class ptrs, g1 gc, windows-amd64)
GC Precious Log:
 CPUs: 4 total, 4 available
 Memory: 7878M
 Large Page Support: Disabled
 NUMA Support: Disabled
 Compressed Oops: Enabled (32-bit)
 Heap Region Size: 1M
 Heap Min Capacity: 8M
 Heap Initial Capacity: 124M
 Heap Max Capacity: 1970M
 Pre-touch: Disabled
 Parallel Workers: 4
 Concurrent Workers: 1
 Concurrent Refinement Workers: 4
 Periodic GC: Disabled
Heap:
 garbage-first heap   total 189440K, used 119586K [0x0000000084e00000, 0x0000000100000000)
  region size 1024K, 6 young (6144K), 1 survivors (1024K)
 Metaspace       used 73173K, committed 73472K, reserved 1179648K
  class space    used 7800K, committed 7936K, reserved 1048576K
GC Heap History (20 events):
Event: 76.525 GC heap before
{Heap before GC invocations=30 (full 0):
 garbage-first heap   total 148480K, used 91510K [0x0000000084e00000, 0x0000000100000000)
  region size 1024K, 7 young (7168K), 5 survivors (5120K)
 Metaspace       used 56392K, committed 56704K, reserved 1114112K
  class space    used 6292K, committed 6464K, reserved 1048576K
}
Event: 76.540 GC heap after
{Heap after GC invocations=31 (full 0):
 garbage-first heap   total 148480K, used 89243K [0x0000000084e00000, 0x0000000100000000)
  region size 1024K, 1 young (1024K), 1 survivors (1024K)
 Metaspace       used 56392K, committed 56704K, reserved 1114112K
  class space    used 6292K, committed 6464K, reserved 1048576K
}
Event: 78.731 GC heap before
{Heap before GC invocations=31 (full 0):
 garbage-first heap   total 148480K, used 123035K [0x0000000084e00000, 0x0000000100000000)
  region size 1024K, 34 young (34816K), 1 survivors (1024K)
 Metaspace       used 57021K, committed 57280K, reserved 1114112K
  class space    used 6331K, committed 6464K, reserved 1048576K
}
Event: 78.737 GC heap after
{Heap after GC invocations=32 (full 0):
 garbage-first heap   total 148480K, used 89717K [0x0000000084e00000, 0x0000000100000000)
  region size 1024K, 2 young (2048K), 2 survivors (2048K)
 Metaspace       used 57021K, committed 57280K, reserved 1114112K
  class space    used 6331K, committed 6464K, reserved 1048576K
}
Event: 82.201 GC heap before
{Heap before GC invocations=33 (full 0):
 garbage-first heap   total 157696K, used 123509K [0x0000000084e00000, 0x0000000100000000)
  region size 1024K, 35 young (35840K), 2 survivors (2048K)
 Metaspace       used 62259K, committed 62592K, reserved 1114112K
  class space    used 6820K, committed 6976K, reserved 1048576K
}
Event: 82.214 GC heap after
{Heap after GC invocations=34 (full 0):
 garbage-first heap   total 157696K, used 91524K [0x0000000084e00000, 0x0000000100000000)
  region size 1024K, 3 young (3072K), 3 survivors (3072K)
 Metaspace       used 62259K, committed 62592K, reserved 1114112K
  class space    used 6820K, committed 6976K, reserved 1048576K
}
Event: 83.088 GC heap before
{Heap before GC invocations=34 (full 0):
 garbage-first heap   total 157696K, used 94596K [0x0000000084e00000, 0x0000000100000000)
  region size 1024K, 7 young (7168K), 3 survivors (3072K)
 Metaspace       used 62319K, committed 62656K, reserved 1114112K
  class space    used 6825K, committed 6976K, reserved 1048576K
}
Event: 83.101 GC heap after
{Heap after GC invocations=35 (full 0):
 garbage-first heap   total 157696K, used 91778K [0x0000000084e00000, 0x0000000100000000)
  region size 1024K, 1 young (1024K), 1 survivors (1024K)
 Metaspace       used 62319K, committed 62656K, reserved 1114112K
  class space    used 6825K, committed 6976K, reserved 1048576K
}
Event: 89.937 GC heap before
{Heap before GC invocations=35 (full 0):
 garbage-first heap   total 157696K, used 131714K [0x0000000084e00000, 0x0000000100000000)
  region size 1024K, 40 young (40960K), 1 survivors (1024K)
 Metaspace       used 63731K, committed 64064K, reserved 1114112K
  class space    used 6927K, committed 7104K, reserved 1048576K
}
Event: 89.961 GC heap after
{Heap after GC invocations=36 (full 0):
 garbage-first heap   total 157696K, used 98304K [0x0000000084e00000, 0x0000000100000000)
  region size 1024K, 5 young (5120K), 5 survivors (5120K)
 Metaspace       used 63731K, committed 64064K, reserved 1114112K
  class space    used 6927K, committed 7104K, reserved 1048576K
}
Event: 95.190 GC heap before
{Heap before GC invocations=36 (full 0):
 garbage-first heap   total 157696K, used 131072K [0x0000000084e00000, 0x0000000100000000)
  region size 1024K, 37 young (37888K), 5 survivors (5120K)
 Metaspace       used 64190K, committed 64512K, reserved 1114112K
  class space    used 6970K, committed 7104K, reserved 1048576K
}
Event: 95.229 GC heap after
{Heap after GC invocations=37 (full 0):
 garbage-first heap   total 157696K, used 106141K [0x0000000084e00000, 0x0000000100000000)
  region size 1024K, 5 young (5120K), 5 survivors (5120K)
 Metaspace       used 64190K, committed 64512K, reserved 1114112K
  class space    used 6970K, committed 7104K, reserved 1048576K
}
Event: 98.944 GC heap before
{Heap before GC invocations=37 (full 0):
 garbage-first heap   total 157696K, used 128669K [0x0000000084e00000, 0x0000000100000000)
  region size 1024K, 28 young (28672K), 5 survivors (5120K)
 Metaspace       used 67686K, committed 68032K, reserved 1114112K
  class space    used 7282K, committed 7424K, reserved 1048576K
}
Event: 98.971 GC heap after
{Heap after GC invocations=38 (full 0):
 garbage-first heap   total 157696K, used 110217K [0x0000000084e00000, 0x0000000100000000)
  region size 1024K, 4 young (4096K), 4 survivors (4096K)
 Metaspace       used 67686K, committed 68032K, reserved 1114112K
  class space    used 7282K, committed 7424K, reserved 1048576K
}
Event: 100.255 GC heap before
{Heap before GC invocations=38 (full 0):
 garbage-first heap   total 157696K, used 129673K [0x0000000084e00000, 0x0000000100000000)
  region size 1024K, 24 young (24576K), 4 survivors (4096K)
 Metaspace       used 70258K, committed 70592K, reserved 1114112K
  class space    used 7538K, committed 7680K, reserved 1048576K
}
Event: 100.275 GC heap after
{Heap after GC invocations=39 (full 0):
 garbage-first heap   total 157696K, used 112801K [0x0000000084e00000, 0x0000000100000000)
  region size 1024K, 3 young (3072K), 3 survivors (3072K)
 Metaspace       used 70258K, committed 70592K, reserved 1114112K
  class space    used 7538K, committed 7680K, reserved 1048576K
}
Event: 101.321 GC heap before
{Heap before GC invocations=39 (full 0):
 garbage-first heap   total 157696K, used 131233K [0x0000000084e00000, 0x0000000100000000)
  region size 1024K, 22 young (22528K), 3 survivors (3072K)
 Metaspace       used 72294K, committed 72640K, reserved 1179648K
  class space    used 7723K, committed 7872K, reserved 1048576K
}
Event: 101.335 GC heap after
{Heap after GC invocations=40 (full 0):
 garbage-first heap   total 157696K, used 114498K [0x0000000084e00000, 0x0000000100000000)
  region size 1024K, 2 young (2048K), 2 survivors (2048K)
 Metaspace       used 72294K, committed 72640K, reserved 1179648K
  class space    used 7723K, committed 7872K, reserved 1048576K
}
Event: 102.650 GC heap before
{Heap before GC invocations=40 (full 0):
 garbage-first heap   total 157696K, used 131906K [0x0000000084e00000, 0x0000000100000000)
  region size 1024K, 20 young (20480K), 2 survivors (2048K)
 Metaspace       used 73114K, committed 73408K, reserved 1179648K
  class space    used 7794K, committed 7936K, reserved 1048576K
}
Event: 102.664 GC heap after
{Heap after GC invocations=41 (full 0):
 garbage-first heap   total 189440K, used 115490K [0x0000000084e00000, 0x0000000100000000)
  region size 1024K, 1 young (1024K), 1 survivors (1024K)
 Metaspace       used 73114K, committed 73408K, reserved 1179648K
  class space    used 7794K, committed 7936K, reserved 1048576K
}

